13:23:27 | === Curriculum Training (weighted mode) ===
13:23:27 | Log: checkpoints_ablation_shuffle\curriculum_20251209_132327.log
13:23:27 | Config: CurriculumConfig(epochs=60, lr=0.001, batch_size=64, seed=42, angle_embed_dim=16, index_embed_dim=8, hidden_dim=64, mode='weighted', weight_early=1.0, weight_mid=2.0, weight_late=3.0, weight_never=4.0, phase1_epochs=10, phase2_epochs=20, checkpoint_epochs=[0, 1, 5, 10, 20, 50], output_dir='checkpoints_ablation_shuffle', t_first_K_path='checkpoints_trig/t_first_K.json')
13:23:27 | Shuffle-K: True
13:23:27 | 
13:23:27 | Loading t_first^K from checkpoints_trig/t_first_K.json...
13:23:27 |   Loaded 2880 difficulty values
13:23:27 |   SHUFFLING t_first^K values (random control)
13:23:27 | Generating dataset...
13:23:27 |   Train: 2015 total, by difficulty: {'NEVER': 998, 'MID': 567, 'EARLY': 450}
13:23:27 |   Val: 432 total, by difficulty: {'NEVER': 224, 'MID': 107, 'EARLY': 101}
13:23:27 | Model: 4,321 parameters
13:23:28 | Epoch   0 | Loss: inf | Train: 0.505 | Val: 0.475
13:23:29 | Epoch   1 | Loss: 0.6165 | Train: 0.755 | Val: 0.762
13:23:30 | Epoch   5 | Loss: 0.3403 | Train: 0.880 | Val: 0.907
13:23:31 | Epoch  10 | Loss: 0.1121 | Train: 0.965 | Val: 0.965
13:23:32 | Epoch  20 | Loss: 0.0422 | Train: 0.981 | Val: 0.986
13:23:36 | Epoch  50 | Loss: 0.0230 | Train: 0.986 | Val: 0.986
13:23:36 | 
Final Test Accuracy: 0.984
13:23:36 | 
13:23:36 | === Curriculum Training Complete ===
13:23:36 | Checkpoints saved to: checkpoints_ablation_shuffle/
