13:40:04 | === Curriculum Training (weighted mode) ===
13:40:04 | Log: ablation_runs/K_guided_s2\curriculum_20251209_134004.log
13:40:04 | Config: CurriculumConfig(epochs=60, lr=0.001, batch_size=64, seed=42, angle_embed_dim=16, index_embed_dim=8, hidden_dim=64, mode='weighted', weight_early=1.0, weight_mid=2.0, weight_late=3.0, weight_never=4.0, phase1_epochs=10, phase2_epochs=20, checkpoint_epochs=[0, 1, 5, 10, 20, 50], output_dir='ablation_runs/K_guided_s2', t_first_K_path='checkpoints_trig/t_first_K.json')
13:40:04 | Shuffle-K: False
13:40:04 | 
13:40:04 | Loading t_first^K from checkpoints_trig/t_first_K.json...
13:40:04 |   Loaded 2880 difficulty values
13:40:04 | Generating dataset...
13:40:04 |   Train: 2015 total, by difficulty: {'MID': 557, 'EARLY': 434, 'NEVER': 1024}
13:40:04 |   Val: 432 total, by difficulty: {'NEVER': 220, 'EARLY': 99, 'MID': 113}
13:40:04 | Model: 4,321 parameters
13:40:07 | Epoch   0 | Loss: inf | Train: 0.505 | Val: 0.475
13:40:08 | Epoch   1 | Loss: 0.5794 | Train: 0.543 | Val: 0.537
13:40:09 | Epoch   5 | Loss: 0.3297 | Train: 0.861 | Val: 0.875
13:40:11 | Epoch  10 | Loss: 0.1240 | Train: 0.958 | Val: 0.954
13:40:13 | Epoch  20 | Loss: 0.0421 | Train: 0.969 | Val: 0.981
13:40:20 | Epoch  50 | Loss: 0.0212 | Train: 0.978 | Val: 0.984
13:40:20 | 
Final Test Accuracy: 0.982
13:40:20 | 
13:40:20 | === Curriculum Training Complete ===
13:40:20 | Checkpoints saved to: ablation_runs/K_guided_s2/
