14:00:46 | === Multi-Task Training (λ_halt=0.5) ===
14:00:46 | Log: checkpoints_mt_shuffle\multitask_20251209_140046.log
14:00:46 | Config: MultiTaskConfig(epochs=60, lr=0.001, batch_size=64, seed=42, angle_embed_dim=16, index_embed_dim=8, hidden_dim=64, lambda_halt=0.5, n_halt_classes=4, shuffle_K=True, checkpoint_epochs=[0, 1, 5, 10, 20, 50], output_dir='checkpoints_mt_shuffle', t_first_K_path='checkpoints_trig/t_first_K.json')
14:00:46 | 
14:00:46 | Loading t_first^K from checkpoints_trig/t_first_K.json...
14:00:46 |   Loaded 2880 difficulty values
14:00:46 |   SHUFFLING t_first^K (random control)
14:00:46 | Generating dataset...
14:00:46 |   Train: 2015, halt dist: {3: 998, 1: 567, 0: 450}
14:00:46 | Model: 6,157 parameters
14:00:48 | Epoch   0 | Loss: inf (y:inf, h:inf) | Y: 0.486 | Halt: 0.162
14:00:49 | Epoch   1 | Loss: 1.3152 (y:0.6563, h:1.3179) | Y: 0.861 | Halt: 0.519
14:00:52 | Epoch   5 | Loss: 0.6681 (y:0.1452, h:1.0459) | Y: 0.963 | Halt: 0.519
14:00:55 | Epoch  10 | Loss: 0.5796 (y:0.0589, h:1.0414) | Y: 0.986 | Halt: 0.519
14:01:00 | Epoch  20 | Loss: 0.5514 (y:0.0332, h:1.0364) | Y: 0.993 | Halt: 0.519
14:01:16 | Epoch  50 | Loss: 0.5361 (y:0.0199, h:1.0324) | Y: 0.998 | Halt: 0.519
14:01:16 | 
Final Test: Y=0.995, Halt=0.501
14:01:16 | 
14:01:16 | === Multi-Task Training Complete ===
14:01:16 | Checkpoints saved to: checkpoints_mt_shuffle/
