13:21:41 | === Curriculum Training (weighted mode) ===
13:21:41 | Log: checkpoints_ablation_uniform\curriculum_20251209_132141.log
13:21:41 | Config: CurriculumConfig(epochs=60, lr=0.001, batch_size=64, seed=42, angle_embed_dim=16, index_embed_dim=8, hidden_dim=64, mode='weighted', weight_early=1.0, weight_mid=1.0, weight_late=1.0, weight_never=1.0, phase1_epochs=10, phase2_epochs=20, checkpoint_epochs=[0, 1, 5, 10, 20, 50], output_dir='checkpoints_ablation_uniform', t_first_K_path='checkpoints_trig/t_first_K.json')
13:21:41 | Shuffle-K: False
13:21:41 | 
13:21:41 | Loading t_first^K from checkpoints_trig/t_first_K.json...
13:21:41 |   Loaded 2880 difficulty values
13:21:41 | Generating dataset...
13:21:41 |   Train: 2015 total, by difficulty: {'MID': 557, 'EARLY': 434, 'NEVER': 1024}
13:21:41 |   Val: 432 total, by difficulty: {'NEVER': 220, 'EARLY': 99, 'MID': 113}
13:21:41 | Model: 4,321 parameters
13:21:44 | Epoch   0 | Loss: inf | Train: 0.505 | Val: 0.475
13:21:45 | Epoch   1 | Loss: 0.6213 | Train: 0.754 | Val: 0.775
13:21:46 | Epoch   5 | Loss: 0.3089 | Train: 0.909 | Val: 0.935
13:21:47 | Epoch  10 | Loss: 0.0922 | Train: 0.958 | Val: 0.968
13:21:49 | Epoch  20 | Loss: 0.0420 | Train: 0.979 | Val: 0.984
13:21:53 | Epoch  50 | Loss: 0.0229 | Train: 0.987 | Val: 0.984
13:21:53 | 
Final Test Accuracy: 0.991
13:21:53 | 
13:21:53 | === Curriculum Training Complete ===
13:21:53 | Checkpoints saved to: checkpoints_ablation_uniform/
