13:38:56 | === Curriculum Training (weighted mode) ===
13:38:56 | Log: ablation_runs/K_guided_s1\curriculum_20251209_133856.log
13:38:56 | Config: CurriculumConfig(epochs=60, lr=0.001, batch_size=64, seed=42, angle_embed_dim=16, index_embed_dim=8, hidden_dim=64, mode='weighted', weight_early=1.0, weight_mid=2.0, weight_late=3.0, weight_never=4.0, phase1_epochs=10, phase2_epochs=20, checkpoint_epochs=[0, 1, 5, 10, 20, 50], output_dir='ablation_runs/K_guided_s1', t_first_K_path='checkpoints_trig/t_first_K.json')
13:38:56 | Shuffle-K: False
13:38:56 | 
13:38:56 | Loading t_first^K from checkpoints_trig/t_first_K.json...
13:38:56 |   Loaded 2880 difficulty values
13:38:56 | Generating dataset...
13:38:56 |   Train: 2015 total, by difficulty: {'MID': 557, 'EARLY': 434, 'NEVER': 1024}
13:38:56 |   Val: 432 total, by difficulty: {'NEVER': 220, 'EARLY': 99, 'MID': 113}
13:38:56 | Model: 4,321 parameters
13:38:59 | Epoch   0 | Loss: inf | Train: 0.505 | Val: 0.475
13:38:59 | Epoch   1 | Loss: 0.5794 | Train: 0.543 | Val: 0.537
13:39:00 | Epoch   5 | Loss: 0.3297 | Train: 0.861 | Val: 0.875
13:39:01 | Epoch  10 | Loss: 0.1240 | Train: 0.958 | Val: 0.954
13:39:03 | Epoch  20 | Loss: 0.0421 | Train: 0.969 | Val: 0.981
13:39:09 | Epoch  50 | Loss: 0.0212 | Train: 0.978 | Val: 0.984
13:39:09 | 
Final Test Accuracy: 0.982
13:39:09 | 
13:39:09 | === Curriculum Training Complete ===
13:39:09 | Checkpoints saved to: ablation_runs/K_guided_s1/
