11:11:21 | === Curriculum Training (weighted mode) ===
11:11:21 | Log: checkpoints_curriculum2\curriculum_20251209_111121.log
11:11:21 | Config: CurriculumConfig(epochs=60, lr=0.001, batch_size=64, seed=42, angle_embed_dim=16, index_embed_dim=8, hidden_dim=64, mode='weighted', weight_early=1.0, weight_mid=2.0, weight_late=3.0, weight_never=4.0, phase1_epochs=10, phase2_epochs=20, checkpoint_epochs=[0, 1, 5, 10, 20, 50], output_dir='checkpoints_curriculum2', t_first_K_path='checkpoints_trig/t_first_K.json')
11:11:21 | 
11:11:21 | Loading t_first^K from checkpoints_trig/t_first_K.json...
11:11:21 |   Loaded 2880 difficulty values
11:11:21 | Generating dataset...
11:11:21 |   Train: 2015 total, by difficulty: {'MID': 557, 'EARLY': 434, 'NEVER': 1024}
11:11:21 |   Val: 432 total, by difficulty: {'NEVER': 220, 'EARLY': 99, 'MID': 113}
11:11:21 | Model: 4,321 parameters
11:11:24 | Epoch   0 | Loss: inf | Train: 0.505 | Val: 0.475
11:11:25 | Epoch   1 | Loss: 0.5794 | Train: 0.543 | Val: 0.537
11:11:27 | Epoch   5 | Loss: 0.3297 | Train: 0.861 | Val: 0.875
11:11:28 | Epoch  10 | Loss: 0.1240 | Train: 0.958 | Val: 0.954
11:11:30 | Epoch  20 | Loss: 0.0421 | Train: 0.969 | Val: 0.981
11:11:35 | Epoch  50 | Loss: 0.0212 | Train: 0.978 | Val: 0.984
11:11:35 | 
Final Test Accuracy: 0.982
11:11:35 | 
11:11:35 | === Curriculum Training Complete ===
11:11:35 | Checkpoints saved to: checkpoints_curriculum2/
