10:52:08 | === Curriculum Training (weighted mode) ===
10:52:08 | Log: checkpoints_curriculum\curriculum_20251209_105208.log
10:52:08 | Config: CurriculumConfig(epochs=60, lr=0.001, batch_size=64, seed=42, angle_embed_dim=16, index_embed_dim=8, hidden_dim=64, mode='weighted', weight_early=1.0, weight_mid=2.0, weight_late=3.0, weight_never=4.0, phase1_epochs=10, phase2_epochs=20, checkpoint_epochs=[0, 1, 5, 10, 20, 50], output_dir='checkpoints_curriculum', t_first_K_path='checkpoints_trig/t_first_K.json')
10:52:08 | 
10:52:08 | Loading t_first^K from checkpoints_trig/t_first_K.json...
10:52:08 |   Loaded 2880 difficulty values
10:52:08 | Generating dataset...
10:52:08 |   Train: 2015 total, by difficulty: {'MID': 557, 'EARLY': 434, 'NEVER': 1024}
10:52:08 |   Val: 432 total, by difficulty: {'NEVER': 220, 'EARLY': 99, 'MID': 113}
10:52:08 | Model: 4,321 parameters
10:52:12 | Epoch   0 | Loss: inf | Train: 0.505 | Val: 0.475
10:52:13 | Epoch   1 | Loss: 0.5794 | Train: 0.543 | Val: 0.537
10:52:15 | Epoch   5 | Loss: 0.3297 | Train: 0.861 | Val: 0.875
10:52:18 | Epoch  10 | Loss: 0.1240 | Train: 0.958 | Val: 0.954
10:52:21 | Epoch  20 | Loss: 0.0421 | Train: 0.969 | Val: 0.981
10:52:30 | Epoch  50 | Loss: 0.0212 | Train: 0.978 | Val: 0.984
10:52:31 | 
Final Test Accuracy: 0.982
10:52:31 | 
10:52:31 | === Curriculum Training Complete ===
10:52:31 | Checkpoints saved to: checkpoints_curriculum/
